\BOOKMARK [0][-]{chapter*.2}{\376\377\000M\000o\000t\000i\000v\000a\002\033\000i\000e}{}% 1
\BOOKMARK [0][-]{chapter*.3}{\376\377\000I\000n\000t\000r\000o\000d\000u\000c\000e\000r\000e}{}% 2
\BOOKMARK [0][-]{chapter.1}{\376\377\000R\000e\000l\000a\000t\000e\000d\000\040\000W\000o\000r\000k}{}% 3
\BOOKMARK [1][-]{section.1.1}{\376\377\000L\000o\000c\000o\000m\000o\000t\000i\000e\000\040\000p\000r\000i\000n\000\040\000a\000l\000g\000o\000r\000i\000t\000m\000i\000\040\000e\000v\000o\000l\000u\000t\000i\000v\000i}{chapter.1}% 4
\BOOKMARK [2][-]{subsection.1.1.1}{\376\377\000C\000e\000l\000l\000\040\000E\000v\000o\000l\000u\000t\000i\000o\000n}{section.1.1}% 5
\BOOKMARK [2][-]{subsection.1.1.2}{\376\377\000M\000u\000s\000k\000o\000s\000c\000h\000e\000l\000e\000t\000a\000l\000\040\000E\000v\000o\000l\000u\000t\000i\000o\000n}{section.1.1}% 6
\BOOKMARK [2][-]{subsection.1.1.3}{\376\377\000J\000o\000i\000n\000t\000\040\000E\000v\000o\000l\000u\000t\000i\000o\000n}{section.1.1}% 7
\BOOKMARK [2][-]{subsection.1.1.4}{\376\377\000C\000o\000n\000c\000l\000u\000z\000i\000i}{section.1.1}% 8
\BOOKMARK [1][-]{section.1.2}{\376\377\000A\000l\000g\000o\000r\000i\000t\000m\000i\000\040\000e\000v\000o\000l\000u\000t\000i\000v\000i\000\040\000i\000n\000\040\000c\000e\000r\000c\000e\000t\000a\000r\000e}{chapter.1}% 9
\BOOKMARK [2][-]{subsection.1.2.1}{\376\377\000E\000v\000o\000l\000v\000e\000d\000\040\000A\000n\000t\000e\000n\000n\000a}{section.1.2}% 10
\BOOKMARK [0][-]{chapter.2}{\376\377\000T\000e\000h\000n\000o\000l\000o\000g\000i\000i\000\040\000F\000o\000l\000o\000s\000i\000t\000e}{}% 11
\BOOKMARK [1][-]{section.2.1}{\376\377\000C\000+\000+}{chapter.2}% 12
\BOOKMARK [1][-]{section.2.2}{\376\377\000O\000p\000e\000n\000G\000L}{chapter.2}% 13
\BOOKMARK [1][-]{section.2.3}{\376\377\000O\000p\000e\000n\000G\000L\000\040\000M\000a\000t\000h\000e\000m\000a\000t\000i\000c\000s\000\040\000\050\000G\000L\000M\000\051}{chapter.2}% 14
\BOOKMARK [1][-]{section.2.4}{\376\377\000G\000L\000F\000W}{chapter.2}% 15
\BOOKMARK [1][-]{section.2.5}{\376\377\000C\000o\000n\000c\000l\000u\000z\000i\000i}{chapter.2}% 16
\BOOKMARK [0][-]{chapter.3}{\376\377\000M\000e\000d\000i\000u\000l\000\040\000F\000i\000z\000i\000c}{}% 17
\BOOKMARK [1][-]{section.3.1}{\376\377\000I\000n\000t\000e\000g\000r\000a\000r\000e\000a\000\040\000e\000c\000u\000a\000t\000i\000i\000l\000o\000r\000\040\000m\000i\000s\000c\000a\000r\000i\000i\000\040\000d\000u\000p\000a\000\040\000d\000t}{chapter.3}% 18
\BOOKMARK [2][-]{subsection.3.1.1}{\376\377\000M\000o\000d\000u\000r\000i\000\040\000d\000e\000\040\000i\000n\000t\000e\000g\000r\000a\000r\000e}{section.3.1}% 19
\BOOKMARK [1][-]{section.3.2}{\376\377\000R\000i\000g\000i\000d\000\040\000B\000o\000d\000i\000e\000s}{chapter.3}% 20
\BOOKMARK [1][-]{section.3.3}{\376\377\000C\000o\000l\000i\000z\000i\000u\000n\000i}{chapter.3}% 21
\BOOKMARK [2][-]{subsection.3.3.1}{\376\377\000S\000p\000h\000e\000r\000e\000\040\000B\000o\000u\000n\000d\000i\000n\000g}{section.3.3}% 22
\BOOKMARK [0][-]{chapter.4}{\376\377\000O\000p\000t\000i\000m\000i\000z\000a\000r\000e}{}% 23
\BOOKMARK [1][-]{section.4.1}{\376\377\000C\000r\000o\000m\000o\000z\000o\000m}{chapter.4}% 24
\BOOKMARK [1][-]{section.4.2}{\376\377\000F\000i\000t\000n\000e\000s\000s}{chapter.4}% 25
\BOOKMARK [1][-]{section.4.3}{\376\377\000S\000e\000l\000e\000c\000t\000i\000e}{chapter.4}% 26
\BOOKMARK [1][-]{section.4.4}{\376\377\000M\000u\000t\000a\000t\000i\000e}{chapter.4}% 27
\BOOKMARK [0][-]{chapter.5}{\376\377\000R\000e\000z\000u\000l\000t\000a\000t\000e}{}% 28
\BOOKMARK [0][-]{chapter*.4}{\376\377\000C\000o\000n\000c\000l\000u\000z\000i\000i}{}% 29
\BOOKMARK [0][-]{chapter*.5}{\376\377\000B\000i\000b\000l\000i\000o\000g\000r\000a\000f\000i\000e}{}% 30
