This is pdfTeX, Version 3.14159265-2.6-1.40.20 (TeX Live 2019/W32TeX) (preloaded format=pdflatex 2019.6.14)  27 JUN 2019 07:48
entering extended mode
 restricted \write18 enabled.
 file:line:error style messages enabled.
 %&-line parsing enabled.
**e:/uni/licenta/latex/main.tex
(e:/uni/licenta/latex/main.tex
LaTeX2e <2018-12-01>
(e:/texlive/2019/texmf-dist/tex/latex/base/report.cls
Document Class: report 2018/09/03 v1.4i Standard LaTeX document class
(e:/texlive/2019/texmf-dist/tex/latex/base/size12.clo
File: size12.clo 2018/09/03 v1.4i Standard LaTeX file (size option)
)
\c@part=\count80
\c@chapter=\count81
\c@section=\count82
\c@subsection=\count83
\c@subsubsection=\count84
\c@paragraph=\count85
\c@subparagraph=\count86
\c@figure=\count87
\c@table=\count88
\abovecaptionskip=\skip41
\belowcaptionskip=\skip42
\bibindent=\dimen102
) (e:/texlive/2019/texmf-dist/tex/latex/geometry/geometry.sty
Package: geometry 2018/04/16 v5.8 Page Geometry
 (e:/texlive/2019/texmf-dist/tex/latex/graphics/keyval.sty
Package: keyval 2014/10/28 v1.15 key=value parser (DPC)
\KV@toks@=\toks14
) (e:/texlive/2019/texmf-dist/tex/generic/oberdiek/ifpdf.sty
Package: ifpdf 2018/09/07 v3.3 Provides the ifpdf switch
) (e:/texlive/2019/texmf-dist/tex/generic/oberdiek/ifvtex.sty
Package: ifvtex 2016/05/16 v1.6 Detect VTeX and its facilities (HO)
Package ifvtex Info: VTeX not detected.
) (e:/texlive/2019/texmf-dist/tex/generic/ifxetex/ifxetex.sty
Package: ifxetex 2010/09/12 v0.6 Provides ifxetex conditional
)
\Gm@cnth=\count89
\Gm@cntv=\count90
\c@Gm@tempcnt=\count91
\Gm@bindingoffset=\dimen103
\Gm@wd@mp=\dimen104
\Gm@odd@mp=\dimen105
\Gm@even@mp=\dimen106
\Gm@layoutwidth=\dimen107
\Gm@layoutheight=\dimen108
\Gm@layouthoffset=\dimen109
\Gm@layoutvoffset=\dimen110
\Gm@dimlist=\toks15
) (e:/texlive/2019/texmf-dist/tex/latex/base/inputenc.sty
Package: inputenc 2018/08/11 v1.3c Input encoding file
\inpenc@prehook=\toks16
\inpenc@posthook=\toks17
) (e:/texlive/2019/texmf-dist/tex/latex/psnfss/palatino.sty
Package: palatino 2005/04/12 PSNFSS-v9.2a (SPQR) 
) (e:/texlive/2019/texmf-dist/tex/generic/babel/babel.sty
Package: babel 2019/06/03 3.32 The Babel package
 (e:/texlive/2019/texmf-dist/tex/generic/babel/switch.def
File: switch.def 2019/06/03 3.32 Babel switching mechanism
) (e:/texlive/2019/texmf-dist/tex/generic/babel-romanian/romanian.ldf
Language: romanian 2005/03/31 v1.2l Romanian support from the babel system
 (e:/texlive/2019/texmf-dist/tex/generic/babel/babel.def
File: babel.def 2019/06/03 3.32 Babel common definitions
\babel@savecnt=\count92
\U@D=\dimen111
 (e:/texlive/2019/texmf-dist/tex/generic/babel/txtbabel.def)
\bbl@dirlevel=\count93
))) (e:/texlive/2019/texmf-dist/tex/latex/graphics/graphicx.sty
Package: graphicx 2017/06/01 v1.1a Enhanced LaTeX Graphics (DPC,SPQR)
 (e:/texlive/2019/texmf-dist/tex/latex/graphics/graphics.sty
Package: graphics 2017/06/25 v1.2c Standard LaTeX Graphics (DPC,SPQR)
 (e:/texlive/2019/texmf-dist/tex/latex/graphics/trig.sty
Package: trig 2016/01/03 v1.10 sin cos tan (DPC)
) (e:/texlive/2019/texmf-dist/tex/latex/graphics-cfg/graphics.cfg
File: graphics.cfg 2016/06/04 v1.11 sample graphics configuration
)
Package graphics Info: Driver file: pdftex.def on input line 99.
 (e:/texlive/2019/texmf-dist/tex/latex/graphics-def/pdftex.def
File: pdftex.def 2018/01/08 v1.0l Graphics/color driver for pdftex
))
\Gin@req@height=\dimen112
\Gin@req@width=\dimen113
) (e:/texlive/2019/texmf-dist/tex/latex/tools/indentfirst.sty
Package: indentfirst 1995/11/23 v1.03 Indent first paragraph (DPC)
) (e:/texlive/2019/texmf-dist/tex/latex/tocbibind/tocbibind.sty
Package: tocbibind 2010/10/13 v1.5k extra ToC listings
Package tocbibind Info: The document has chapter divisions on input line 50.


Package tocbibind Note: Using chapter style headings, unless overridden.

) (e:/texlive/2019/texmf-dist/tex/latex/hyperref/hyperref.sty
Package: hyperref 2018/11/30 v6.88e Hypertext links for LaTeX
 (e:/texlive/2019/texmf-dist/tex/generic/oberdiek/hobsub-hyperref.sty
Package: hobsub-hyperref 2016/05/16 v1.14 Bundle oberdiek, subset hyperref (HO)
 (e:/texlive/2019/texmf-dist/tex/generic/oberdiek/hobsub-generic.sty
Package: hobsub-generic 2016/05/16 v1.14 Bundle oberdiek, subset generic (HO)
Package: hobsub 2016/05/16 v1.14 Construct package bundles (HO)
Package: infwarerr 2016/05/16 v1.4 Providing info/warning/error messages (HO)
Package: ltxcmds 2016/05/16 v1.23 LaTeX kernel commands for general use (HO)
Package: ifluatex 2016/05/16 v1.4 Provides the ifluatex switch (HO)
Package ifluatex Info: LuaTeX not detected.
Package hobsub Info: Skipping package `ifvtex' (already loaded).
Package: intcalc 2016/05/16 v1.2 Expandable calculations with integers (HO)
Package hobsub Info: Skipping package `ifpdf' (already loaded).
Package: etexcmds 2016/05/16 v1.6 Avoid name clashes with e-TeX commands (HO)
Package: kvsetkeys 2016/05/16 v1.17 Key value parser (HO)
Package: kvdefinekeys 2016/05/16 v1.4 Define keys (HO)
Package: pdftexcmds 2018/09/10 v0.29 Utility functions of pdfTeX for LuaTeX (HO)
Package pdftexcmds Info: LuaTeX not detected.
Package pdftexcmds Info: \pdf@primitive is available.
Package pdftexcmds Info: \pdf@ifprimitive is available.
Package pdftexcmds Info: \pdfdraftmode found.
Package: pdfescape 2016/05/16 v1.14 Implements pdfTeX's escape features (HO)
Package: bigintcalc 2016/05/16 v1.4 Expandable calculations on big integers (HO)
Package: bitset 2016/05/16 v1.2 Handle bit-vector datatype (HO)
Package: uniquecounter 2016/05/16 v1.3 Provide unlimited unique counter (HO)
)
Package hobsub Info: Skipping package `hobsub' (already loaded).
Package: letltxmacro 2016/05/16 v1.5 Let assignment for LaTeX macros (HO)
Package: hopatch 2016/05/16 v1.3 Wrapper for package hooks (HO)
Package: xcolor-patch 2016/05/16 xcolor patch
Package: atveryend 2016/05/16 v1.9 Hooks at the very end of document (HO)
Package atveryend Info: \enddocument detected (standard20110627).
Package: atbegshi 2016/06/09 v1.18 At begin shipout hook (HO)
Package: refcount 2016/05/16 v3.5 Data extraction from label references (HO)
Package: hycolor 2016/05/16 v1.8 Color options for hyperref/bookmark (HO)
) (e:/texlive/2019/texmf-dist/tex/latex/oberdiek/auxhook.sty
Package: auxhook 2016/05/16 v1.4 Hooks for auxiliary files (HO)
) (e:/texlive/2019/texmf-dist/tex/latex/oberdiek/kvoptions.sty
Package: kvoptions 2016/05/16 v3.12 Key value format for package options (HO)
)
\@linkdim=\dimen114
\Hy@linkcounter=\count94
\Hy@pagecounter=\count95
 (e:/texlive/2019/texmf-dist/tex/latex/hyperref/pd1enc.def
File: pd1enc.def 2018/11/30 v6.88e Hyperref: PDFDocEncoding definition (HO)
Now handling font encoding PD1 ...
... no UTF-8 mapping file for font encoding PD1
)
\Hy@SavedSpaceFactor=\count96
 (e:/texlive/2019/texmf-dist/tex/latex/latexconfig/hyperref.cfg
File: hyperref.cfg 2002/06/06 v1.2 hyperref configuration of TeXLive
)
Package hyperref Info: Option `unicode' set `true' on input line 4393.
 (e:/texlive/2019/texmf-dist/tex/latex/hyperref/puenc.def
File: puenc.def 2018/11/30 v6.88e Hyperref: PDF Unicode definition (HO)
Now handling font encoding PU ...
... no UTF-8 mapping file for font encoding PU
)
Package hyperref Info: Hyper figures OFF on input line 4519.
Package hyperref Info: Link nesting OFF on input line 4524.
Package hyperref Info: Hyper index ON on input line 4527.
Package hyperref Info: Plain pages OFF on input line 4534.
Package hyperref Info: Backreferencing OFF on input line 4539.
Package hyperref Info: Implicit mode ON; LaTeX internals redefined.
Package hyperref Info: Bookmarks ON on input line 4772.
\c@Hy@tempcnt=\count97
 (e:/texlive/2019/texmf-dist/tex/latex/url/url.sty
\Urlmuskip=\muskip10
Package: url 2013/09/16  ver 3.4  Verb mode for urls, etc.
)
LaTeX Info: Redefining \url on input line 5125.
\XeTeXLinkMargin=\dimen115
\Fld@menulength=\count98
\Field@Width=\dimen116
\Fld@charsize=\dimen117
Package hyperref Info: Hyper figures OFF on input line 6380.
Package hyperref Info: Link nesting OFF on input line 6385.
Package hyperref Info: Hyper index ON on input line 6388.
Package hyperref Info: backreferencing OFF on input line 6395.
Package hyperref Info: Link coloring OFF on input line 6400.
Package hyperref Info: Link coloring with OCG OFF on input line 6405.
Package hyperref Info: PDF/A mode OFF on input line 6410.
LaTeX Info: Redefining \ref on input line 6450.
LaTeX Info: Redefining \pageref on input line 6454.
\Hy@abspage=\count99
\c@Item=\count100
\c@Hfootnote=\count101
)
Package hyperref Info: Driver (autodetected): hpdftex.
 (e:/texlive/2019/texmf-dist/tex/latex/hyperref/hpdftex.def
File: hpdftex.def 2018/11/30 v6.88e Hyperref driver for pdfTeX
\Fld@listcount=\count102
\c@bookmark@seq@number=\count103
 (e:/texlive/2019/texmf-dist/tex/latex/oberdiek/rerunfilecheck.sty
Package: rerunfilecheck 2016/05/16 v1.8 Rerun checks for auxiliary files (HO)
Package uniquecounter Info: New unique counter `rerunfilecheck' on input line 282.
)
\Hy@SectionHShift=\skip43
) (e:/texlive/2019/texmf-dist/tex/latex/pdfpages/pdfpages.sty
Package: pdfpages 2017/10/31 v0.5l Insert pages of external PDF documents (AM)
 (e:/texlive/2019/texmf-dist/tex/latex/base/ifthen.sty
Package: ifthen 2014/09/29 v1.1c Standard LaTeX ifthen package (DPC)
) (e:/texlive/2019/texmf-dist/tex/latex/tools/calc.sty
Package: calc 2017/05/25 v4.3 Infix arithmetic (KKT,FJ)
\calc@Acount=\count104
\calc@Bcount=\count105
\calc@Adimen=\dimen118
\calc@Bdimen=\dimen119
\calc@Askip=\skip44
\calc@Bskip=\skip45
LaTeX Info: Redefining \setlength on input line 80.
LaTeX Info: Redefining \addtolength on input line 81.
\calc@Ccount=\count106
\calc@Cskip=\skip46
) (e:/texlive/2019/texmf-dist/tex/latex/eso-pic/eso-pic.sty
Package: eso-pic 2018/04/12 v2.0h eso-pic (RN)
 (e:/texlive/2019/texmf-dist/tex/latex/xcolor/xcolor.sty
Package: xcolor 2016/05/11 v2.12 LaTeX color extensions (UK)
 (e:/texlive/2019/texmf-dist/tex/latex/graphics-cfg/color.cfg
File: color.cfg 2016/01/02 v1.6 sample color configuration
)
Package xcolor Info: Driver file: pdftex.def on input line 225.
Package xcolor Info: Model `cmy' substituted by `cmy0' on input line 1348.
Package xcolor Info: Model `hsb' substituted by `rgb' on input line 1352.
Package xcolor Info: Model `RGB' extended on input line 1364.
Package xcolor Info: Model `HTML' substituted by `rgb' on input line 1366.
Package xcolor Info: Model `Hsb' substituted by `hsb' on input line 1367.
Package xcolor Info: Model `tHsb' substituted by `hsb' on input line 1368.
Package xcolor Info: Model `HSB' substituted by `hsb' on input line 1369.
Package xcolor Info: Model `Gray' substituted by `gray' on input line 1370.
Package xcolor Info: Model `wave' substituted by `hsb' on input line 1371.
))
\AM@pagewidth=\dimen120
\AM@pageheight=\dimen121
 (e:/texlive/2019/texmf-dist/tex/latex/pdfpages/pppdftex.def
File: pppdftex.def 2017/10/31 v0.5l Pdfpages driver for pdfTeX (AM)
)
\AM@pagebox=\box27
\AM@global@opts=\toks18
\AM@toc@title=\toks19
\c@AM@survey=\count107
\AM@templatesizebox=\box28
) (e:/uni/licenta/latex/main.aux)
\openout1 = `main.aux'.

LaTeX Font Info:    Checking defaults for OML/cmm/m/it on input line 30.
LaTeX Font Info:    ... okay on input line 30.
LaTeX Font Info:    Checking defaults for T1/cmr/m/n on input line 30.
LaTeX Font Info:    ... okay on input line 30.
LaTeX Font Info:    Checking defaults for OT1/cmr/m/n on input line 30.
LaTeX Font Info:    ... okay on input line 30.
LaTeX Font Info:    Checking defaults for OMS/cmsy/m/n on input line 30.
LaTeX Font Info:    ... okay on input line 30.
LaTeX Font Info:    Checking defaults for OMX/cmex/m/n on input line 30.
LaTeX Font Info:    ... okay on input line 30.
LaTeX Font Info:    Checking defaults for U/cmr/m/n on input line 30.
LaTeX Font Info:    ... okay on input line 30.
LaTeX Font Info:    Checking defaults for PD1/pdf/m/n on input line 30.
LaTeX Font Info:    ... okay on input line 30.
LaTeX Font Info:    Checking defaults for PU/pdf/m/n on input line 30.
LaTeX Font Info:    ... okay on input line 30.
LaTeX Font Info:    Try loading font information for OT1+ppl on input line 30.
 (e:/texlive/2019/texmf-dist/tex/latex/psnfss/ot1ppl.fd
File: ot1ppl.fd 2001/06/04 font definitions for OT1/ppl.
)
*geometry* driver: auto-detecting
*geometry* detected driver: pdftex
*geometry* verbose mode - [ preamble ] result:
* driver: pdftex
* paper: a4paper
* layout: <same size as paper>
* layoutoffset:(h,v)=(0.0pt,0.0pt)
* modes: 
* h-part:(L,W,R)=(85.35826pt, 455.24411pt, 56.9055pt)
* v-part:(T,H,B)=(56.9055pt, 731.23584pt, 56.9055pt)
* \paperwidth=597.50787pt
* \paperheight=845.04684pt
* \textwidth=455.24411pt
* \textheight=731.23584pt
* \oddsidemargin=13.08827pt
* \evensidemargin=13.08827pt
* \topmargin=-52.36449pt
* \headheight=12.0pt
* \headsep=25.0pt
* \topskip=12.0pt
* \footskip=30.0pt
* \marginparwidth=44.0pt
* \marginparsep=10.0pt
* \columnsep=10.0pt
* \skip\footins=10.8pt plus 4.0pt minus 2.0pt
* \hoffset=0.0pt
* \voffset=0.0pt
* \mag=1000
* \@twocolumnfalse
* \@twosidefalse
* \@mparswitchfalse
* \@reversemarginfalse
* (1in=72.27pt=25.4mm, 1cm=28.453pt)

(e:/texlive/2019/texmf-dist/tex/context/base/mkii/supp-pdf.mkii
[Loading MPS to PDF converter (version 2006.09.02).]
\scratchcounter=\count108
\scratchdimen=\dimen122
\scratchbox=\box29
\nofMPsegments=\count109
\nofMParguments=\count110
\everyMPshowfont=\toks20
\MPscratchCnt=\count111
\MPscratchDim=\dimen123
\MPnumerator=\count112
\makeMPintoPDFobject=\count113
\everyMPtoPDFconversion=\toks21
) (e:/texlive/2019/texmf-dist/tex/latex/oberdiek/epstopdf-base.sty
Package: epstopdf-base 2016/05/15 v2.6 Base part for package epstopdf
 (e:/texlive/2019/texmf-dist/tex/latex/oberdiek/grfext.sty
Package: grfext 2016/05/16 v1.2 Manage graphics extensions (HO)
)
Package epstopdf-base Info: Redefining graphics rule for `.eps' on input line 438.
Package grfext Info: Graphics extension search list:
(grfext)             [.pdf,.png,.jpg,.mps,.jpeg,.jbig2,.jb2,.PDF,.PNG,.JPG,.JPEG,.JBIG2,.JB2,.eps]
(grfext)             \AppendGraphicsExtensions on input line 456.
 (e:/texlive/2019/texmf-dist/tex/latex/latexconfig/epstopdf-sys.cfg
File: epstopdf-sys.cfg 2010/07/13 v1.3 Configuration of (r)epstopdf for TeX Live
))
\AtBeginShipoutBox=\box30
Package hyperref Info: Link coloring OFF on input line 30.
 (e:/texlive/2019/texmf-dist/tex/latex/hyperref/nameref.sty
Package: nameref 2016/05/21 v2.44 Cross-referencing by name of section
 (e:/texlive/2019/texmf-dist/tex/generic/oberdiek/gettitlestring.sty
Package: gettitlestring 2016/05/16 v1.5 Cleanup title references (HO)
)
\c@section@level=\count114
)
LaTeX Info: Redefining \ref on input line 30.
LaTeX Info: Redefining \pageref on input line 30.
LaTeX Info: Redefining \nameref on input line 30.
 (e:/uni/licenta/latex/main.out) (e:/uni/licenta/latex/main.out)
\@outlinefile=\write3
\openout3 = `main.out'.

 (e:/texlive/2019/texmf-dist/tex/latex/oberdiek/pdflscape.sty
Package: pdflscape 2016/05/14 v0.11 Display of landscape pages in PDF (HO)
 (e:/texlive/2019/texmf-dist/tex/latex/graphics/lscape.sty
Package: lscape 2000/10/22 v3.01 Landscape Pages (DPC)
)
Package pdflscape Info: Auto-detected driver: pdftex on input line 81.
) (e:/uni/licenta/latex/front/macros.tex) (e:/uni/licenta/latex/front/cover.tex
LaTeX Font Info:    External font `cmex10' loaded for size
(Font)              <14.4> on input line 6.
LaTeX Font Info:    External font `cmex10' loaded for size
(Font)              <7> on input line 6.
LaTeX Font Info:    Font shape `OT1/ppl/bx/n' in size <20.74> not available
(Font)              Font shape `OT1/ppl/b/n' tried instead on input line 9.
<images/logoFii.png, id=148, 193.47281pt x 188.95593pt>
File: images/logoFii.png Graphic file (type png)
<use images/logoFii.png>
Package pdftex.def Info: images/logoFii.png  used on input line 13.
(pdftex.def)             Requested size: 136.57462pt x 133.38693pt.
LaTeX Font Info:    External font `cmex10' loaded for size
(Font)              <17.28> on input line 18.
LaTeX Font Info:    External font `cmex10' loaded for size
(Font)              <12> on input line 18.
LaTeX Font Info:    Font shape `OT1/ppl/bx/n' in size <17.28> not available
(Font)              Font shape `OT1/ppl/b/n' tried instead on input line 36.
 [1

{e:/texlive/2019/texmf-var/fonts/map/pdftex/updmap/pdftex.map} <e:/uni/licenta/latex/images/logoFii.png>]) (e:/uni/licenta/latex/front/titlepage.tex
LaTeX Font Info:    Font shape `OT1/ppl/bx/n' in size <24.88> not available
(Font)              Font shape `OT1/ppl/b/n' tried instead on input line 14.
pdfTeX warning (ext4): destination with the same identifier (name{page.}) has been already used, duplicate ignored
<to be read again> 
                   \relax 
l.35 \end{titlepage}
                     [1])

pdfTeX warning: pdflatex.exe (file e:/uni/licenta/latex/Ghid-LICENTA-2019.pdf): PDF inclusion: found PDF version <1.7>, but at most version <1.5> allowed
<Ghid-LICENTA-2019.pdf, id=161, 614.295pt x 794.97pt>
File: Ghid-LICENTA-2019.pdf Graphic file (type pdf)
<use Ghid-LICENTA-2019.pdf>
Package pdftex.def Info: Ghid-LICENTA-2019.pdf  used on input line 39.
(pdftex.def)             Requested size: 614.29349pt x 794.96806pt.


pdfTeX warning: pdflatex.exe (file e:/uni/licenta/latex/Ghid-LICENTA-2019.pdf): PDF inclusion: found PDF version <1.7>, but at most version <1.5> allowed
File: Ghid-LICENTA-2019.pdf Graphic file (type pdf)
<use Ghid-LICENTA-2019.pdf>
Package pdftex.def Info: Ghid-LICENTA-2019.pdf  used on input line 39.
(pdftex.def)             Requested size: 614.29349pt x 794.96806pt.


pdfTeX warning: pdflatex.exe (file e:/uni/licenta/latex/Ghid-LICENTA-2019.pdf): PDF inclusion: found PDF version <1.7>, but at most version <1.5> allowed
File: Ghid-LICENTA-2019.pdf Graphic file (type pdf)
<use Ghid-LICENTA-2019.pdf>
Package pdftex.def Info: Ghid-LICENTA-2019.pdf  used on input line 39.
(pdftex.def)             Requested size: 614.29349pt x 794.96806pt.


pdfTeX warning: pdflatex.exe (file e:/uni/licenta/latex/Ghid-LICENTA-2019.pdf): PDF inclusion: found PDF version <1.7>, but at most version <1.5> allowed


pdfTeX warning: pdflatex.exe (file e:/uni/licenta/latex/Ghid-LICENTA-2019.pdf): PDF inclusion: found PDF version <1.7>, but at most version <1.5> allowed
<Ghid-LICENTA-2019.pdf, id=165, page=1, 614.295pt x 794.97pt>
File: Ghid-LICENTA-2019.pdf Graphic file (type pdf)
<use Ghid-LICENTA-2019.pdf, page 1>
Package pdftex.def Info: Ghid-LICENTA-2019.pdf , page1 used on input line 39.
(pdftex.def)             Requested size: 614.29349pt x 794.96806pt.
File: Ghid-LICENTA-2019.pdf Graphic file (type pdf)
<use Ghid-LICENTA-2019.pdf, page 1>
Package pdftex.def Info: Ghid-LICENTA-2019.pdf , page1 used on input line 39.
(pdftex.def)             Requested size: 597.78697pt x 773.60669pt.
File: Ghid-LICENTA-2019.pdf Graphic file (type pdf)
<use Ghid-LICENTA-2019.pdf, page 1>
Package pdftex.def Info: Ghid-LICENTA-2019.pdf , page1 used on input line 39.
(pdftex.def)             Requested size: 597.78697pt x 773.60669pt.
File: Ghid-LICENTA-2019.pdf Graphic file (type pdf)
<use Ghid-LICENTA-2019.pdf, page 1>
Package pdftex.def Info: Ghid-LICENTA-2019.pdf , page1 used on input line 39.
(pdftex.def)             Requested size: 597.78697pt x 773.60669pt.
pdfTeX warning (ext4): destination with the same identifier (name{page.}) has been already used, duplicate ignored
<to be read again> 
                   \relax 
l.39 ...includepdf[pages={1,2}]{Ghid-LICENTA-2019}
                                                  
File: Ghid-LICENTA-2019.pdf Graphic file (type pdf)
<use Ghid-LICENTA-2019.pdf, page 1>
Package pdftex.def Info: Ghid-LICENTA-2019.pdf , page1 used on input line 39.
(pdftex.def)             Requested size: 597.78697pt x 773.60669pt.
 [1 <e:/uni/licenta/latex/Ghid-LICENTA-2019.pdf>]

pdfTeX warning: pdflatex.exe (file e:/uni/licenta/latex/Ghid-LICENTA-2019.pdf): PDF inclusion: found PDF version <1.7>, but at most version <1.5> allowed
<Ghid-LICENTA-2019.pdf, id=203, page=2, 614.295pt x 794.97pt>
File: Ghid-LICENTA-2019.pdf Graphic file (type pdf)
<use Ghid-LICENTA-2019.pdf, page 2>
Package pdftex.def Info: Ghid-LICENTA-2019.pdf , page2 used on input line 39.
(pdftex.def)             Requested size: 597.78697pt x 773.60669pt.
File: Ghid-LICENTA-2019.pdf Graphic file (type pdf)
<use Ghid-LICENTA-2019.pdf, page 2>
Package pdftex.def Info: Ghid-LICENTA-2019.pdf , page2 used on input line 39.
(pdftex.def)             Requested size: 597.78697pt x 773.60669pt.
pdfTeX warning (ext4): destination with the same identifier (name{page.}) has been already used, duplicate ignored
<to be read again> 
                   \relax 
l.39 ...includepdf[pages={1,2}]{Ghid-LICENTA-2019}
                                                  
File: Ghid-LICENTA-2019.pdf Graphic file (type pdf)
<use Ghid-LICENTA-2019.pdf, page 2>
Package pdftex.def Info: Ghid-LICENTA-2019.pdf , page2 used on input line 39.
(pdftex.def)             Requested size: 597.78697pt x 773.60669pt.
 [2 <e:/uni/licenta/latex/Ghid-LICENTA-2019.pdf>] (e:/uni/licenta/latex/main.toc
LaTeX Font Info:    Font shape `OT1/ppl/bx/n' in size <12> not available
(Font)              Font shape `OT1/ppl/b/n' tried instead on input line 2.
LaTeX Font Info:    External font `cmex10' loaded for size
(Font)              <8> on input line 3.
LaTeX Font Info:    External font `cmex10' loaded for size
(Font)              <6> on input line 3.
LaTeX Font Info:    Font shape `OT1/ppl/bx/n' in size <6> not available
(Font)              Font shape `OT1/ppl/b/n' tried instead on input line 3.
pdfTeX warning (ext4): destination with the same identifier (name{page.}) has been already used, duplicate ignored
<to be read again> 
                   \relax 
l.26 ...line {4}Algoritmul Genetic}{17}{chapter.4}
                                                  % [3

])
\tf@toc=\write4
\openout4 = `main.toc'.

 (e:/uni/licenta/latex/chapters/introduction.tex [1]
LaTeX Font Info:    External font `cmex10' loaded for size
(Font)              <5> on input line 8.
LaTeX Font Info:    Try loading font information for OT1+pcr on input line 8.
 (e:/texlive/2019/texmf-dist/tex/latex/psnfss/ot1pcr.fd
File: ot1pcr.fd 2001/06/04 font definitions for OT1/pcr.
) [2

]) (e:/uni/licenta/latex/chapters/contributions.tex [3]) (e:/uni/licenta/latex/chapters/chapter1.tex [4

]
Capitolul 1.
LaTeX Font Info:    Font shape `OT1/ppl/bx/n' in size <14.4> not available
(Font)              Font shape `OT1/ppl/b/n' tried instead on input line 6.
<images/cellular_evolution.png, id=279, 871.00406pt x 264.23718pt>
File: images/cellular_evolution.png Graphic file (type png)
<use images/cellular_evolution.png>
Package pdftex.def Info: images/cellular_evolution.png  used on input line 14.
(pdftex.def)             Requested size: 455.24411pt x 138.10567pt.
LaTeX Font Info:    Font shape `OT1/pcr/m/it' in size <12> not available
(Font)              Font shape `OT1/pcr/m/sl' tried instead on input line 15.
[5

]
Underfull \hbox (badness 10000) in paragraph at lines 22--22
[][][][]$\OT1/pcr/m/n/10 https : / / www . cs . ubc . ca / []van / papers / 2013-[]TOG-[]MuscleBasedBipeds /
 []

[6 <e:/uni/licenta/latex/images/cellular_evolution.png>] [7]
<images/evolved_antenna.png, id=323, 536.0025pt x 244.66406pt>
File: images/evolved_antenna.png Graphic file (type png)
<use images/evolved_antenna.png>
Package pdftex.def Info: images/evolved_antenna.png  used on input line 40.
(pdftex.def)             Requested size: 455.24411pt x 207.80116pt.
) (e:/uni/licenta/latex/chapters/chapter2.tex [8 <e:/uni/licenta/latex/images/evolved_antenna.png>]
Capitolul 2.
[9

]
LaTeX Font Info:    Try loading font information for OMS+ppl on input line 19.
 (e:/texlive/2019/texmf-dist/tex/latex/psnfss/omsppl.fd
File: omsppl.fd 
)
LaTeX Font Info:    Font shape `OMS/ppl/m/n' in size <12> not available
(Font)              Font shape `OMS/cmsy/m/n' tried instead on input line 19.
<images/math-library-example.png, id=351, 554.07pt x 117.43875pt>
File: images/math-library-example.png Graphic file (type png)
<use images/math-library-example.png>
Package pdftex.def Info: images/math-library-example.png  used on input line 27.
(pdftex.def)             Requested size: 455.24411pt x 96.49213pt.
) (e:/uni/licenta/latex/chapters/chapter3.tex [10 <e:/uni/licenta/latex/images/math-library-example.png>] [11]
Capitolul 3.
[12

]
<images/explicit_euler_dt1.png, id=378, 164.86594pt x 130.98938pt>
File: images/explicit_euler_dt1.png Graphic file (type png)
<use images/explicit_euler_dt1.png>
Package pdftex.def Info: images/explicit_euler_dt1.png  used on input line 38.
(pdftex.def)             Requested size: 136.57462pt x 108.51527pt.
<images/semi-implicit_euler_dt1.png, id=379, 154.32657pt x 130.23656pt>
File: images/semi-implicit_euler_dt1.png Graphic file (type png)
<use images/semi-implicit_euler_dt1.png>
Package pdftex.def Info: images/semi-implicit_euler_dt1.png  used on input line 42.
(pdftex.def)             Requested size: 136.57462pt x 115.26431pt.
<images/explicit_euler_dt05.png, id=380, 161.85469pt x 127.22531pt>
File: images/explicit_euler_dt05.png Graphic file (type png)
<use images/explicit_euler_dt05.png>
Package pdftex.def Info: images/explicit_euler_dt05.png  used on input line 48.
(pdftex.def)             Requested size: 136.57462pt x 107.35966pt.
<images/explicit_euler_dt0016.png, id=381, 298.11375pt x 129.48375pt>
File: images/explicit_euler_dt0016.png Graphic file (type png)
<use images/explicit_euler_dt0016.png>
Package pdftex.def Info: images/explicit_euler_dt0016.png  used on input line 49.
(pdftex.def)             Requested size: 248.1072pt x 107.76387pt.
 [13 <e:/uni/licenta/latex/images/explicit_euler_dt1.png> <e:/uni/licenta/latex/images/semi-implicit_euler_dt1.png>]
<images/semi-implicit_euler_dt05.png, id=389, 161.10187pt x 129.48375pt>
File: images/semi-implicit_euler_dt05.png Graphic file (type png)
<use images/semi-implicit_euler_dt05.png>
Package pdftex.def Info: images/semi-implicit_euler_dt05.png  used on input line 53.
(pdftex.def)             Requested size: 136.57462pt x 109.77519pt.
<images/semi-implicit_euler_dt0016.png, id=390, 294.34969pt x 130.98938pt>
File: images/semi-implicit_euler_dt0016.png Graphic file (type png)
<use images/semi-implicit_euler_dt0016.png>
Package pdftex.def Info: images/semi-implicit_euler_dt0016.png  used on input line 54.
(pdftex.def)             Requested size: 248.1072pt x 110.41206pt.
 [14 <e:/uni/licenta/latex/images/explicit_euler_dt05.png> <e:/uni/licenta/latex/images/explicit_euler_dt0016.png> <e:/uni/licenta/latex/images/semi-implicit_euler_dt05.png> <e:/uni/licenta/latex/images/semi-implicit_euler_dt0016.png>]
<images/sphere_colission.png, id=400, 382.42876pt x 251.43938pt>
File: images/sphere_colission.png Graphic file (type png)
<use images/sphere_colission.png>
Package pdftex.def Info: images/sphere_colission.png  used on input line 79.
(pdftex.def)             Requested size: 227.62206pt x 149.65623pt.
<images/colission_model.png, id=403, 433.62pt x 254.45062pt>
File: images/colission_model.png Graphic file (type png)
<use images/colission_model.png>
Package pdftex.def Info: images/colission_model.png  used on input line 93.
(pdftex.def)             Requested size: 227.62206pt x 133.56915pt.
 [15 <e:/uni/licenta/latex/images/sphere_colission.png>]) (e:/uni/licenta/latex/chapters/chapter4.tex [16 <e:/uni/licenta/latex/images/colission_model.png>]
Capitolul 4.
[17

] [18]) (e:/uni/licenta/latex/chapters/chapter5.tex [19]
Capitolul 5.
<images/results/p100i100m10p005.png, id=429, 873.2625pt x 335.75438pt>
File: images/results/p100i100m10p005.png Graphic file (type png)
<use images/results/p100i100m10p005.png>
Package pdftex.def Info: images/results/p100i100m10p005.png  used on input line 5.
(pdftex.def)             Requested size: 318.66948pt x 122.52115pt.
<images/results/p100i100m10p01.png, id=430, 874.01532pt x 336.50719pt>
File: images/results/p100i100m10p01.png Graphic file (type png)
<use images/results/p100i100m10p01.png>
Package pdftex.def Info: images/results/p100i100m10p01.png  used on input line 7.
(pdftex.def)             Requested size: 318.66948pt x 122.69316pt.
[20

 <e:/uni/licenta/latex/images/results/p100i100m10p005.png> <e:/uni/licenta/latex/images/results/p100i100m10p01.png>]
<images/results/p50k200localoptim.png, id=438, 630.85687pt x 322.95656pt>
File: images/results/p50k200localoptim.png Graphic file (type png)
<use images/results/p50k200localoptim.png>
Package pdftex.def Info: images/results/p50k200localoptim.png  used on input line 14.
(pdftex.def)             Requested size: 318.66948pt x 163.13858pt.
<images/results/p50k1200localoptimdefeat.png, id=439, 633.11531pt x 325.215pt>
File: images/results/p50k1200localoptimdefeat.png Graphic file (type png)
<use images/results/p50k1200localoptimdefeat.png>
Package pdftex.def Info: images/results/p50k1200localoptimdefeat.png  used on input line 22.
(pdftex.def)             Requested size: 318.66948pt x 163.69385pt.
<images/results/optimdinamicp100k200.png, id=440, 655.69969pt x 313.9228pt>
File: images/results/optimdinamicp100k200.png Graphic file (type png)
<use images/results/optimdinamicp100k200.png>
Package pdftex.def Info: images/results/optimdinamicp100k200.png  used on input line 30.
(pdftex.def)             Requested size: 318.66948pt x 152.56851pt.
 [21 <e:/uni/licenta/latex/images/results/p50k200localoptim.png> <e:/uni/licenta/latex/images/results/p50k1200localoptimdefeat.png>]
<images/results/optimdinamicp100k200moving.png, id=447, 657.2053pt x 314.67563pt>
File: images/results/optimdinamicp100k200moving.png Graphic file (type png)
<use images/results/optimdinamicp100k200moving.png>
Package pdftex.def Info: images/results/optimdinamicp100k200moving.png  used on input line 36.
(pdftex.def)             Requested size: 318.66948pt x 152.58388pt.
) (e:/uni/licenta/latex/chapters/conclusions.tex [22 <e:/uni/licenta/latex/images/results/optimdinamicp100k200.png> <e:/uni/licenta/latex/images/results/optimdinamicp100k200moving.png>] [23

]) (e:/uni/licenta/latex/chapters/bibliography.tex [24]
Overfull \hbox (6.3814pt too wide) in paragraph at lines 5--6
\OT1/ppl/b/n/12 Aug-men-ting To-po-lo-gies\OT1/ppl/m/n/12 , []$\OT1/pcr/m/n/12 http : / / nn . cs . utexas . edu / downloads / papers /
 []


Overfull \hbox (8.6304pt too wide) in paragraph at lines 6--7
\OT1/pcr/m/n/12 mitpressjournals . org / doi / pdf / 10 . 1162 / 978-[]0-[]262-[]32621-[]6-[]ch040$[] 
 []


Overfull \hbox (51.33038pt too wide) in paragraph at lines 7--8
[]\OT1/pcr/m/n/12 van / papers / 2013-[]TOG-[]MuscleBasedBipeds / 2013-[]TOG-[]MuscleBasedBipeds .
 []


Overfull \hbox (29.37323pt too wide) in paragraph at lines 8--9
[]\OT1/ppl/m/n/12 Rafael Mat-su-naga. \OT1/ppl/b/n/12 Ge-ne-tic Wa-l-kers\OT1/ppl/m/n/12 , []$\OT1/pcr/m/n/12 https : / / rednuht . org / genetic _ walkers/$[] 
 []


Overfull \hbox (44.66496pt too wide) in paragraph at lines 11--12
[]\OT1/ppl/m/n/12 Martin Foot. \OT1/ppl/b/n/12 Math-Library-Test\OT1/ppl/m/n/12 , []$\OT1/pcr/m/n/12 https : / / github . com / mfoo / Math-[]Library-[]Test$[] 
 []


Overfull \hbox (61.06453pt too wide) in paragraph at lines 12--13
[]\OT1/ppl/m/n/12 Glenn Fi-e-d-ler. \OT1/ppl/b/n/12 In-te-gra-tion Ba-sics []$\OT1/pcr/m/n/12 https : / / web . archive . org / web / 20190405191806 /
 []


Overfull \hbox (36.66829pt too wide) in paragraph at lines 13--14
[]\OT1/ppl/m/n/12 Glenn Fi-e-d-ler. \OT1/ppl/b/n/12 Phy-sics in 3D []$\OT1/pcr/m/n/12 https : / / web . archive . org / web / 20181107181511 /
 []


Overfull \hbox (65.68457pt too wide) in paragraph at lines 14--15
[]\OT1/ppl/m/n/12 Glenn Fi-e-d-ler. \OT1/ppl/b/n/12 Fix Your Ti-mes-tep! []$\OT1/pcr/m/n/12 https : / / web . archive . org / web / 20190403012130 /
 []


Overfull \hbox (24.95592pt too wide) in paragraph at lines 15--16
[]\OT1/ppl/m/n/12 Glenn Fi-e-d-ler. \OT1/ppl/b/n/12 Co-l-li-sion Res-ponse and Co-u-lomb Fric-tion []$\OT1/pcr/m/n/12 https : / / web . archive .
 []


Overfull \hbox (34.93039pt too wide) in paragraph at lines 15--16
\OT1/pcr/m/n/12 org / web / 20181107181448 / https : / / gafferongames . com / post / collision _
 []

[25

]
Overfull \hbox (20.57526pt too wide) in paragraph at lines 16--17
[]\OT1/ppl/m/n/12 Tomas Mo-l-ler. \OT1/ppl/b/n/12 A Fast Triangle-Triangle In-ter-sec-tion Test []$\OT1/pcr/m/n/12 http : / / web . stanford .
 []


Overfull \hbox (138.4062pt too wide) in paragraph at lines 17--18
\OT1/ppl/b/n/12 tion []$\OT1/pcr/m/n/12 https : / / pdfs . semanticscholar . org / a243 / b77fe7f4032dedbc7e0a17e26c17fc7b4964 .
 []

)
Package atveryend Info: Empty hook `BeforeClearDocument' on input line 58.
 [26]
Package atveryend Info: Empty hook `AfterLastShipout' on input line 58.
 (e:/uni/licenta/latex/main.aux)
Package atveryend Info: Executing hook `AtVeryEndDocument' on input line 58.
Package atveryend Info: Executing hook `AtEndAfterFileList' on input line 58.
Package rerunfilecheck Info: File `main.out' has not changed.
(rerunfilecheck)             Checksum: 8106CA0BDDA9E64373BA6D16E78E3581;4714.
Package atveryend Info: Empty hook `AtVeryVeryEnd' on input line 58.
 ) 
Here is how much of TeX's memory you used:
 10990 strings out of 492609
 156296 string characters out of 6132818
 249231 words of memory out of 5000000
 14650 multiletter control sequences out of 15000+600000
 24315 words of font info for 63 fonts, out of 8000000 for 9000
 1141 hyphenation exceptions out of 8191
 40i,18n,46p,1011b,483s stack positions out of 5000i,500n,10000p,200000b,80000s
{e:/texlive/2019/texmf-dist/fonts/enc/dvips/base/8r.enc}<e:/texlive/2019/texmf-dist/fonts/type1/public/amsfonts/cm/cmex10.pfb><e:/texlive/2019/texmf-dist/fonts/type1/public/amsfonts/cm/cmmi12.pfb><e:/texlive/2019/texmf-dist/fonts/type1/public/amsfonts/cm/cmmi8.pfb><e:/texlive/2019/texmf-dist/fonts/type1/public/amsfonts/cm/cmr12.pfb><e:/texlive/2019/texmf-dist/fonts/type1/public/amsfonts/cm/cmr6.pfb><e:/texlive/2019/texmf-dist/fonts/type1/public/amsfonts/cm/cmr8.pfb><e:/texlive/2019/texmf-dist/fonts/type1/public/amsfonts/cm/cmsy10.pfb><e:/texlive/2019/texmf-dist/fonts/type1/urw/courier/ucrr8a.pfb><e:/texlive/2019/texmf-dist/fonts/type1/urw/courier/ucrro8a.pfb><e:/texlive/2019/texmf-dist/fonts/type1/urw/palatino/uplb8a.pfb><e:/texlive/2019/texmf-dist/fonts/type1/urw/palatino/uplr8a.pfb><e:/texlive/2019/texmf-dist/fonts/type1/urw/palatino/uplri8a.pfb>
Output written on e:/uni/licenta/latex/main.pdf (31 pages, 903628 bytes).
PDF statistics:
 558 PDF objects out of 1000 (max. 8388607)
 460 compressed objects within 5 object streams
 85 named destinations out of 1000 (max. 500000)
 409 words of extra memory for PDF output out of 10000 (max. 10000000)

